2026-04-22 17:48:23 | INFO     | data_processor — Loading file: %s
2026-04-22 17:48:23 | INFO     | data_processor — Loaded %d rows × %d columns from '%s'
2026-04-22 17:48:23 | INFO     | data_processor — Validating DataFrame (%d rows × %d cols)
2026-04-22 17:48:24 | INFO     | data_processor — Validation complete — numeric: %d, categorical: %d, datetime: %d, boolean: %d, text: %d, unknown: %d
2026-04-22 17:48:24 | INFO     | data_processor — Assessing data quality for dataset '%s'
2026-04-22 17:48:24 | INFO     | data_processor — Quality score: %.1f / 100
2026-04-22 17:48:24 | INFO     | data_processor — Profiling dataset '%s'
2026-04-22 17:48:24 | INFO     | data_processor — Profiling complete — %d column profiles generated.
2026-04-22 17:54:26 | INFO     | data_processor — Loading file: %s
2026-04-22 17:54:26 | INFO     | data_processor — Loaded %d rows × %d columns from '%s'
2026-04-22 17:54:26 | INFO     | data_processor — Validating DataFrame (%d rows × %d cols)
2026-04-22 17:54:27 | INFO     | data_processor — Validation complete — numeric: %d, categorical: %d, datetime: %d, boolean: %d, text: %d, unknown: %d
2026-04-22 17:54:27 | INFO     | data_processor — Assessing data quality for dataset '%s'
2026-04-22 17:54:27 | INFO     | data_processor — Quality score: %.1f / 100
2026-04-22 17:54:27 | INFO     | data_processor — Profiling dataset '%s'
2026-04-22 17:54:27 | INFO     | data_processor — Profiling complete — %d column profiles generated.
2026-04-22 17:59:02 | INFO     | data_processor — Loading file: %s
2026-04-22 17:59:03 | INFO     | data_processor — Loaded %d rows × %d columns from '%s'
2026-04-22 17:59:03 | INFO     | data_processor — Validating DataFrame (%d rows × %d cols)
2026-04-22 17:59:04 | INFO     | data_processor — Validation complete — numeric: %d, categorical: %d, datetime: %d, boolean: %d, text: %d, unknown: %d
2026-04-22 17:59:04 | INFO     | data_processor — Assessing data quality for dataset '%s'
2026-04-22 17:59:04 | INFO     | data_processor — Quality score: %.1f / 100
2026-04-22 17:59:04 | INFO     | data_processor — Profiling dataset '%s'
2026-04-22 17:59:04 | INFO     | data_processor — Profiling complete — %d column profiles generated.
2026-04-22 17:59:58 | INFO     | data_processor — Loading file: %s
2026-04-22 17:59:58 | INFO     | data_processor — Loaded %d rows × %d columns from '%s'
2026-04-22 17:59:58 | INFO     | data_processor — Validating DataFrame (%d rows × %d cols)
2026-04-22 18:00:00 | INFO     | data_processor — Validation complete — numeric: %d, categorical: %d, datetime: %d, boolean: %d, text: %d, unknown: %d
2026-04-22 18:00:00 | INFO     | data_processor — Assessing data quality for dataset '%s'
2026-04-22 18:00:00 | INFO     | data_processor — Quality score: %.1f / 100
2026-04-22 18:00:00 | INFO     | data_processor — Profiling dataset '%s'
2026-04-22 18:00:00 | INFO     | data_processor — Profiling complete — %d column profiles generated.
2026-04-22 18:00:34 | INFO     | data_processor — Loading file: %s
2026-04-22 18:00:34 | INFO     | data_processor — Loaded %d rows × %d columns from '%s'
2026-04-22 18:00:34 | INFO     | data_processor — Validating DataFrame (%d rows × %d cols)
2026-04-22 18:00:35 | INFO     | data_processor — Validation complete — numeric: %d, categorical: %d, datetime: %d, boolean: %d, text: %d, unknown: %d
2026-04-22 18:00:35 | INFO     | data_processor — Assessing data quality for dataset '%s'
2026-04-22 18:00:35 | INFO     | data_processor — Quality score: %.1f / 100
2026-04-22 18:00:36 | INFO     | data_processor — Profiling dataset '%s'
2026-04-22 18:00:36 | INFO     | data_processor — Profiling complete — %d column profiles generated.
2026-04-22 18:02:02 | INFO     | data_processor — Loading file: %s
2026-04-22 18:02:02 | INFO     | data_processor — Loaded %d rows × %d columns from '%s'
2026-04-22 18:02:02 | INFO     | data_processor — Validating DataFrame (%d rows × %d cols)
2026-04-22 18:02:03 | INFO     | data_processor — Validation complete — numeric: %d, categorical: %d, datetime: %d, boolean: %d, text: %d, unknown: %d
2026-04-22 18:02:03 | INFO     | data_processor — Assessing data quality for dataset '%s'
2026-04-22 18:02:03 | INFO     | data_processor — Quality score: %.1f / 100
2026-04-22 18:02:03 | INFO     | data_processor — Profiling dataset '%s'
2026-04-22 18:02:03 | INFO     | data_processor — Profiling complete — %d column profiles generated.
2026-04-22 18:08:02 | INFO     | data_processor — Loading file: %s
2026-04-22 18:08:02 | INFO     | data_processor — Loaded %d rows × %d columns from '%s'
2026-04-22 18:08:02 | INFO     | data_processor — Validating DataFrame (%d rows × %d cols)
2026-04-22 18:08:03 | INFO     | data_processor — Validation complete — numeric: %d, categorical: %d, datetime: %d, boolean: %d, text: %d, unknown: %d
2026-04-22 18:08:03 | INFO     | data_processor — Assessing data quality for dataset '%s'
2026-04-22 18:08:03 | INFO     | data_processor — Quality score: %.1f / 100
2026-04-22 18:08:03 | INFO     | data_processor — Profiling dataset '%s'
2026-04-22 18:08:03 | INFO     | data_processor — Profiling complete — %d column profiles generated.
2026-04-22 18:10:58 | INFO     | data_processor — Loading file: %s
2026-04-22 18:10:58 | INFO     | data_processor — Loaded %d rows × %d columns from '%s'
2026-04-22 18:10:58 | INFO     | data_processor — Validating DataFrame (%d rows × %d cols)
2026-04-22 18:10:59 | INFO     | data_processor — Validation complete — numeric: %d, categorical: %d, datetime: %d, boolean: %d, text: %d, unknown: %d
2026-04-22 18:10:59 | INFO     | data_processor — Assessing data quality for dataset '%s'
2026-04-22 18:10:59 | INFO     | data_processor — Quality score: %.1f / 100
2026-04-22 18:10:59 | INFO     | data_processor — Profiling dataset '%s'
2026-04-22 18:10:59 | INFO     | data_processor — Profiling complete — %d column profiles generated.
2026-04-22 18:14:43 | INFO     | data_processor — Loading file: %s
2026-04-22 18:14:43 | INFO     | data_processor — Loaded %d rows × %d columns from '%s'
2026-04-22 18:14:43 | INFO     | data_processor — Validating DataFrame (%d rows × %d cols)
2026-04-22 18:14:44 | INFO     | data_processor — Validation complete — numeric: %d, categorical: %d, datetime: %d, boolean: %d, text: %d, unknown: %d
2026-04-22 18:14:44 | INFO     | data_processor — Assessing data quality for dataset '%s'
2026-04-22 18:14:44 | INFO     | data_processor — Quality score: %.1f / 100
2026-04-22 18:14:44 | INFO     | data_processor — Profiling dataset '%s'
2026-04-22 18:14:44 | INFO     | data_processor — Profiling complete — %d column profiles generated.
2026-04-22 18:15:53 | INFO     | data_processor — Loading file: %s
2026-04-22 18:15:53 | INFO     | data_processor — Loaded %d rows × %d columns from '%s'
2026-04-22 18:15:53 | INFO     | data_processor — Validating DataFrame (%d rows × %d cols)
2026-04-22 18:15:54 | INFO     | data_processor — Validation complete — numeric: %d, categorical: %d, datetime: %d, boolean: %d, text: %d, unknown: %d
2026-04-22 18:15:54 | INFO     | data_processor — Assessing data quality for dataset '%s'
2026-04-22 18:15:54 | INFO     | data_processor — Quality score: %.1f / 100
2026-04-22 18:15:54 | INFO     | data_processor — Profiling dataset '%s'
2026-04-22 18:15:54 | INFO     | data_processor — Profiling complete — %d column profiles generated.
2026-04-22 18:31:55 | INFO     | data_processor — Loading file: %s
2026-04-22 18:31:55 | INFO     | data_processor — Loaded %d rows × %d columns from '%s'
2026-04-22 18:31:55 | INFO     | data_processor — Validating DataFrame (%d rows × %d cols)
2026-04-22 18:31:56 | INFO     | data_processor — Validation complete — numeric: %d, categorical: %d, datetime: %d, boolean: %d, text: %d, unknown: %d
2026-04-22 18:31:56 | INFO     | data_processor — Assessing data quality for dataset '%s'
2026-04-22 18:31:56 | INFO     | data_processor — Quality score: %.1f / 100
2026-04-22 18:31:56 | INFO     | data_processor — Profiling dataset '%s'
2026-04-22 18:31:56 | INFO     | data_processor — Profiling complete — %d column profiles generated.
2026-04-22 18:36:51 | INFO     | data_processor — Loading file: %s
2026-04-22 18:36:51 | INFO     | data_processor — Loaded %d rows × %d columns from '%s'
2026-04-22 18:36:51 | INFO     | data_processor — Validating DataFrame (%d rows × %d cols)
2026-04-22 18:36:52 | INFO     | data_processor — Validation complete — numeric: %d, categorical: %d, datetime: %d, boolean: %d, text: %d, unknown: %d
2026-04-22 18:36:52 | INFO     | data_processor — Assessing data quality for dataset '%s'
2026-04-22 18:36:52 | INFO     | data_processor — Quality score: %.1f / 100
2026-04-22 18:36:52 | INFO     | data_processor — Profiling dataset '%s'
2026-04-22 18:36:52 | INFO     | data_processor — Profiling complete — %d column profiles generated.
2026-04-22 18:40:28 | INFO     | data_processor — Loading file: %s
2026-04-22 18:40:28 | INFO     | data_processor — Loaded %d rows × %d columns from '%s'
2026-04-22 18:40:28 | INFO     | data_processor — Validating DataFrame (%d rows × %d cols)
2026-04-22 18:40:29 | INFO     | data_processor — Validation complete — numeric: %d, categorical: %d, datetime: %d, boolean: %d, text: %d, unknown: %d
2026-04-22 18:40:29 | INFO     | data_processor — Assessing data quality for dataset '%s'
2026-04-22 18:40:29 | INFO     | data_processor — Quality score: %.1f / 100
2026-04-22 18:40:29 | INFO     | data_processor — Profiling dataset '%s'
2026-04-22 18:40:29 | INFO     | data_processor — Profiling complete — %d column profiles generated.
2026-04-22 18:43:58 | INFO     | data_processor — Loading file: %s
2026-04-22 18:43:58 | INFO     | data_processor — Loaded %d rows × %d columns from '%s'
2026-04-22 18:43:58 | INFO     | data_processor — Validating DataFrame (%d rows × %d cols)
2026-04-22 18:43:58 | INFO     | data_processor — Validation complete — numeric: %d, categorical: %d, datetime: %d, boolean: %d, text: %d, unknown: %d
2026-04-22 18:43:58 | INFO     | data_processor — Assessing data quality for dataset '%s'
2026-04-22 18:43:58 | INFO     | data_processor — Quality score: %.1f / 100
2026-04-22 18:43:58 | INFO     | data_processor — Profiling dataset '%s'
2026-04-22 18:43:58 | INFO     | data_processor — Profiling complete — %d column profiles generated.
2026-04-23 12:22:23 | INFO     | data_processor — Loading file: %s
2026-04-23 12:22:23 | INFO     | data_processor — Loaded %d rows × %d columns from '%s'
2026-04-23 12:22:23 | INFO     | data_processor — Validating DataFrame (%d rows × %d cols)
2026-04-23 12:22:26 | INFO     | data_processor — Validation complete — numeric: %d, categorical: %d, datetime: %d, boolean: %d, text: %d, unknown: %d
2026-04-23 12:22:26 | INFO     | data_processor — Assessing data quality for dataset '%s'
2026-04-23 12:22:26 | INFO     | data_processor — Quality score: %.1f / 100
2026-04-23 12:22:27 | INFO     | data_processor — Profiling dataset '%s'
2026-04-23 12:22:27 | INFO     | data_processor — Profiling complete — %d column profiles generated.
2026-04-23 12:26:35 | INFO     | data_processor — Loading file: %s
2026-04-23 12:26:35 | INFO     | data_processor — Loaded %d rows × %d columns from '%s'
2026-04-23 12:26:35 | INFO     | data_processor — Validating DataFrame (%d rows × %d cols)
2026-04-23 12:26:35 | INFO     | data_processor — Validation complete — numeric: %d, categorical: %d, datetime: %d, boolean: %d, text: %d, unknown: %d
2026-04-23 12:26:35 | INFO     | data_processor — Assessing data quality for dataset '%s'
2026-04-23 12:26:35 | INFO     | data_processor — Quality score: %.1f / 100
2026-04-23 12:26:35 | INFO     | data_processor — Profiling dataset '%s'
2026-04-23 12:26:35 | INFO     | data_processor — Profiling complete — %d column profiles generated.
2026-04-23 12:29:49 | INFO     | data_processor — Loading file: %s
2026-04-23 12:29:52 | INFO     | data_processor — Loaded %d rows × %d columns from '%s'
2026-04-23 12:29:52 | INFO     | data_processor — Validating DataFrame (%d rows × %d cols)
2026-04-23 12:29:57 | INFO     | data_processor — Validation complete — numeric: %d, categorical: %d, datetime: %d, boolean: %d, text: %d, unknown: %d
2026-04-23 12:29:57 | INFO     | data_processor — Assessing data quality for dataset '%s'
2026-04-23 12:29:59 | INFO     | data_processor — Quality score: %.1f / 100
2026-04-23 12:30:08 | INFO     | data_processor — Profiling dataset '%s'
2026-04-23 12:30:09 | INFO     | data_processor — Profiling complete — %d column profiles generated.
2026-04-23 12:35:08 | INFO     | data_processor — Loading file: %s
2026-04-23 12:35:08 | INFO     | data_processor — Loaded %d rows × %d columns from '%s'
2026-04-23 12:35:08 | INFO     | data_processor — Validating DataFrame (%d rows × %d cols)
2026-04-23 12:35:09 | INFO     | data_processor — Validation complete — numeric: %d, categorical: %d, datetime: %d, boolean: %d, text: %d, unknown: %d
2026-04-23 12:35:09 | INFO     | data_processor — Assessing data quality for dataset '%s'
2026-04-23 12:35:09 | INFO     | data_processor — Quality score: %.1f / 100
2026-04-23 12:35:09 | INFO     | data_processor — Profiling dataset '%s'
2026-04-23 12:35:09 | INFO     | data_processor — Profiling complete — %d column profiles generated.
2026-04-23 12:41:56 | INFO     | data_processor — Loading file: %s
2026-04-23 12:41:56 | INFO     | data_processor — Loaded %d rows × %d columns from '%s'
2026-04-23 12:41:56 | INFO     | data_processor — Validating DataFrame (%d rows × %d cols)
2026-04-23 12:41:59 | INFO     | data_processor — Validation complete — numeric: %d, categorical: %d, datetime: %d, boolean: %d, text: %d, unknown: %d
2026-04-23 12:41:59 | INFO     | data_processor — Assessing data quality for dataset '%s'
2026-04-23 12:42:00 | INFO     | data_processor — Quality score: %.1f / 100
2026-04-23 12:42:00 | INFO     | data_processor — Profiling dataset '%s'
2026-04-23 12:42:00 | INFO     | data_processor — Profiling complete — %d column profiles generated.
2026-04-23 12:49:30 | INFO     | data_processor — Loading file: %s
2026-04-23 12:49:30 | INFO     | data_processor — Loaded %d rows × %d columns from '%s'
2026-04-23 12:49:30 | INFO     | data_processor — Validating DataFrame (%d rows × %d cols)
2026-04-23 12:49:33 | INFO     | data_processor — Validation complete — numeric: %d, categorical: %d, datetime: %d, boolean: %d, text: %d, unknown: %d
2026-04-23 12:49:33 | INFO     | data_processor — Assessing data quality for dataset '%s'
2026-04-23 12:49:33 | INFO     | data_processor — Quality score: %.1f / 100
2026-04-23 12:49:34 | INFO     | data_processor — Profiling dataset '%s'
2026-04-23 12:49:34 | INFO     | data_processor — Profiling complete — %d column profiles generated.
2026-04-23 13:04:25 | INFO     | data_processor — Loading file: %s
2026-04-23 13:04:25 | INFO     | data_processor — Loaded %d rows × %d columns from '%s'
2026-04-23 13:04:25 | INFO     | data_processor — Validating DataFrame (%d rows × %d cols)
2026-04-23 13:04:28 | INFO     | data_processor — Validation complete — numeric: %d, categorical: %d, datetime: %d, boolean: %d, text: %d, unknown: %d
2026-04-23 13:04:28 | INFO     | data_processor — Assessing data quality for dataset '%s'
2026-04-23 13:04:28 | INFO     | data_processor — Quality score: %.1f / 100
2026-04-23 13:04:28 | INFO     | data_processor — Profiling dataset '%s'
2026-04-23 13:04:28 | INFO     | data_processor — Profiling complete — %d column profiles generated.
2026-04-23 13:06:04 | INFO     | data_processor — Loading file: %s
2026-04-23 13:06:04 | INFO     | data_processor — Loaded %d rows × %d columns from '%s'
2026-04-23 13:06:04 | INFO     | data_processor — Validating DataFrame (%d rows × %d cols)
2026-04-23 13:06:07 | INFO     | data_processor — Validation complete — numeric: %d, categorical: %d, datetime: %d, boolean: %d, text: %d, unknown: %d
2026-04-23 13:06:07 | INFO     | data_processor — Assessing data quality for dataset '%s'
2026-04-23 13:06:07 | INFO     | data_processor — Quality score: %.1f / 100
2026-04-23 13:06:08 | INFO     | data_processor — Profiling dataset '%s'
2026-04-23 13:06:08 | INFO     | data_processor — Profiling complete — %d column profiles generated.
